0 info it worked if it ends with ok
1 verbose cli [ '/Users/tehillafeldman/.nvm/versions/io.js/v2.1.0/bin/iojs',
1 verbose cli   '/Users/tehillafeldman/.nvm/versions/io.js/v2.1.0/bin/npm',
1 verbose cli   'start' ]
2 info using npm@2.10.1
3 info using node@v2.1.0
4 verbose run-script [ 'prestart', 'start', 'poststart' ]
5 info prestart cotd@0.0.3
6 info start cotd@0.0.3
7 verbose unsafe-perm in lifecycle true
8 info cotd@0.0.3 Failed to exec start script
9 verbose stack Error: cotd@0.0.3 start: `react-scripts start`
9 verbose stack Exit status 1
9 verbose stack     at EventEmitter.<anonymous> (/Users/tehillafeldman/.nvm/versions/io.js/v2.1.0/lib/node_modules/npm/lib/utils/lifecycle.js:213:16)
9 verbose stack     at emitTwo (events.js:87:13)
9 verbose stack     at EventEmitter.emit (events.js:172:7)
9 verbose stack     at ChildProcess.<anonymous> (/Users/tehillafeldman/.nvm/versions/io.js/v2.1.0/lib/node_modules/npm/lib/utils/spawn.js:24:14)
9 verbose stack     at emitTwo (events.js:87:13)
9 verbose stack     at ChildProcess.emit (events.js:172:7)
9 verbose stack     at maybeClose (child_process.js:953:16)
9 verbose stack     at Process.ChildProcess._handle.onexit (child_process.js:1020:5)
10 verbose pkgid cotd@0.0.3
11 verbose cwd /Users/tehillafeldman/Documents/repos/personal/React-For-Beginners-Starter-Files-master/catch-of-the-day
12 error Darwin 21.6.0
13 error argv "/Users/tehillafeldman/.nvm/versions/io.js/v2.1.0/bin/iojs" "/Users/tehillafeldman/.nvm/versions/io.js/v2.1.0/bin/npm" "start"
14 error node v2.1.0
15 error npm  v2.10.1
16 error code ELIFECYCLE
17 error cotd@0.0.3 start: `react-scripts start`
17 error Exit status 1
18 error Failed at the cotd@0.0.3 start script 'react-scripts start'.
18 error This is most likely a problem with the cotd package,
18 error not with npm itself.
18 error Tell the author that this fails on your system:
18 error     react-scripts start
18 error You can get their info via:
18 error     npm owner ls cotd
18 error There is likely additional logging output above.
19 verbose exit [ 1, true ]
